INFO:root:Loading model canary-v2
INFO:root:Setting transformers seed to 42 for reproducibility.
/usr/lib/python3/dist-packages/scipy/__init__.py:146: UserWarning: A NumPy version >=1.17.3 and <1.25.0 is required for this version of SciPy (detected version 2.2.6
  warnings.warn(f"A NumPy version >={np_minversion} and <{np_maxversion}"
Traceback (most recent call last):
  File "/lnet/aic/personal/feysab/NPFL101/hearing2translate/infer.py", line 242, in <module>
    infer(args)
  File "/lnet/aic/personal/feysab/NPFL101/hearing2translate/infer.py", line 156, in infer
    model, generate = setup_model(args.model, modality)
  File "/lnet/aic/personal/feysab/NPFL101/hearing2translate/infer.py", line 59, in setup_model
    module = importlib.import_module(module_name)
  File "/usr/lib/python3.10/importlib/__init__.py", line 126, in import_module
    return _bootstrap._gcd_import(name[level:], package, level)
  File "<frozen importlib._bootstrap>", line 1050, in _gcd_import
  File "<frozen importlib._bootstrap>", line 1027, in _find_and_load
  File "<frozen importlib._bootstrap>", line 1006, in _find_and_load_unlocked
  File "<frozen importlib._bootstrap>", line 688, in _load_unlocked
  File "<frozen importlib._bootstrap_external>", line 883, in exec_module
  File "<frozen importlib._bootstrap>", line 241, in _call_with_frames_removed
  File "/lnet/aic/personal/feysab/NPFL101/hearing2translate/inference/sfm/canaryv2.py", line 1, in <module>
    from nemo.collections.asr.models import ASRModel
  File "/home/feysab/.local/lib/python3.10/site-packages/nemo/collections/asr/__init__.py", line 15, in <module>
    from nemo.collections.asr import data, losses, models, modules
  File "/home/feysab/.local/lib/python3.10/site-packages/nemo/collections/asr/losses/__init__.py", line 15, in <module>
    from nemo.collections.asr.losses.angularloss import AngularSoftmaxLoss
  File "/home/feysab/.local/lib/python3.10/site-packages/nemo/collections/asr/losses/angularloss.py", line 18, in <module>
    from nemo.core.classes import Loss, Typing, typecheck
  File "/home/feysab/.local/lib/python3.10/site-packages/nemo/core/__init__.py", line 16, in <module>
    from nemo.core.classes import *
  File "/home/feysab/.local/lib/python3.10/site-packages/nemo/core/classes/__init__.py", line 17, in <module>
    import lightning.pytorch
  File "/home/feysab/.local/lib/python3.10/site-packages/lightning/__init__.py", line 20, in <module>
    from lightning.pytorch.callbacks import Callback  # noqa: E402
  File "/home/feysab/.local/lib/python3.10/site-packages/lightning/pytorch/__init__.py", line 27, in <module>
    from lightning.pytorch.callbacks import Callback  # noqa: E402
  File "/home/feysab/.local/lib/python3.10/site-packages/lightning/pytorch/callbacks/__init__.py", line 14, in <module>
    from lightning.pytorch.callbacks.batch_size_finder import BatchSizeFinder
  File "/home/feysab/.local/lib/python3.10/site-packages/lightning/pytorch/callbacks/batch_size_finder.py", line 26, in <module>
    from lightning.pytorch.callbacks.callback import Callback
  File "/home/feysab/.local/lib/python3.10/site-packages/lightning/pytorch/callbacks/callback.py", line 22, in <module>
    from lightning.pytorch.utilities.types import STEP_OUTPUT
  File "/home/feysab/.local/lib/python3.10/site-packages/lightning/pytorch/utilities/types.py", line 42, in <module>
    from torchmetrics import Metric
  File "/home/feysab/.local/lib/python3.10/site-packages/torchmetrics/__init__.py", line 31, in <module>
    import scipy.signal
  File "/usr/lib/python3/dist-packages/scipy/signal/__init__.py", line 309, in <module>
    from . import _sigtools, windows
  File "/usr/lib/python3/dist-packages/scipy/signal/windows/__init__.py", line 41, in <module>
    from ._windows import *
  File "/usr/lib/python3/dist-packages/scipy/signal/windows/_windows.py", line 7, in <module>
    from scipy import linalg, special, fft as sp_fft
  File "/usr/lib/python3/dist-packages/scipy/linalg/__init__.py", line 198, in <module>
    from ._misc import *
  File "/usr/lib/python3/dist-packages/scipy/linalg/_misc.py", line 4, in <module>
    from .lapack import get_lapack_funcs
  File "/usr/lib/python3/dist-packages/scipy/linalg/lapack.py", line 849, in <module>
    cgegv = _np.deprecate(cgegv, old_name='cgegv', message=_dep_message)
  File "/home/feysab/.local/lib/python3.10/site-packages/numpy/__init__.py", line 400, in __getattr__
    raise AttributeError(
AttributeError: `np.deprecate` was removed in the NumPy 2.0 release. Emit `DeprecationWarning` with `warnings.warn` directly, or use `typing.deprecated`.
