INFO:root:Loading model seamlessm4t
INFO:root:Setting transformers seed to 42 for reproducibility.
/usr/lib/python3/dist-packages/scipy/__init__.py:146: UserWarning: A NumPy version >=1.17.3 and <1.25.0 is required for this version of SciPy (detected version 2.2.6
  warnings.warn(f"A NumPy version >={np_minversion} and <{np_maxversion}"
Traceback (most recent call last):
  File "/lnet/aic/personal/feysab/NPFL101/hearing2translate/infer.py", line 242, in <module>
    infer(args)
  File "/lnet/aic/personal/feysab/NPFL101/hearing2translate/infer.py", line 156, in infer
    model, generate = setup_model(args.model, modality)
  File "/lnet/aic/personal/feysab/NPFL101/hearing2translate/infer.py", line 59, in setup_model
    module = importlib.import_module(module_name)
  File "/usr/lib/python3.10/importlib/__init__.py", line 126, in import_module
    return _bootstrap._gcd_import(name[level:], package, level)
  File "<frozen importlib._bootstrap>", line 1050, in _gcd_import
  File "<frozen importlib._bootstrap>", line 1027, in _find_and_load
  File "<frozen importlib._bootstrap>", line 1006, in _find_and_load_unlocked
  File "<frozen importlib._bootstrap>", line 688, in _load_unlocked
  File "<frozen importlib._bootstrap_external>", line 883, in exec_module
  File "<frozen importlib._bootstrap>", line 241, in _call_with_frames_removed
  File "/lnet/aic/personal/feysab/NPFL101/hearing2translate/inference/sfm/seamlessm4t.py", line 1, in <module>
    from transformers import AutoProcessor, SeamlessM4Tv2Model
  File "/home/feysab/.local/lib/python3.10/site-packages/transformers/utils/import_utils.py", line 2317, in __getattr__
    module = self._get_module(self._class_to_module[name])
  File "/home/feysab/.local/lib/python3.10/site-packages/transformers/utils/import_utils.py", line 2347, in _get_module
    raise e
  File "/home/feysab/.local/lib/python3.10/site-packages/transformers/utils/import_utils.py", line 2345, in _get_module
    return importlib.import_module("." + module_name, self.__name__)
  File "/usr/lib/python3.10/importlib/__init__.py", line 126, in import_module
    return _bootstrap._gcd_import(name[level:], package, level)
  File "/home/feysab/.local/lib/python3.10/site-packages/transformers/models/auto/processing_auto.py", line 28, in <module>
    from ...processing_utils import ProcessorMixin
  File "/home/feysab/.local/lib/python3.10/site-packages/transformers/processing_utils.py", line 75, in <module>
    from .modeling_utils import PreTrainedAudioTokenizerBase
  File "/home/feysab/.local/lib/python3.10/site-packages/transformers/modeling_utils.py", line 70, in <module>
    from .loss.loss_utils import LOSS_MAPPING
  File "/home/feysab/.local/lib/python3.10/site-packages/transformers/loss/loss_utils.py", line 21, in <module>
    from .loss_d_fine import DFineForObjectDetectionLoss
  File "/home/feysab/.local/lib/python3.10/site-packages/transformers/loss/loss_d_fine.py", line 21, in <module>
    from .loss_for_object_detection import (
  File "/home/feysab/.local/lib/python3.10/site-packages/transformers/loss/loss_for_object_detection.py", line 28, in <module>
    from scipy.optimize import linear_sum_assignment
  File "/usr/lib/python3/dist-packages/scipy/optimize/__init__.py", line 399, in <module>
    from ._optimize import *
  File "/usr/lib/python3/dist-packages/scipy/optimize/_optimize.py", line 30, in <module>
    from numpy import (atleast_1d, eye, argmin, zeros, shape, squeeze,
ImportError: cannot import name 'Inf' from 'numpy' (/home/feysab/.local/lib/python3.10/site-packages/numpy/__init__.py)
